packages/rn-sdk/android/library/build/intermediates/manifest_merge_blame_file/release/manifest-merger-blame-release-report.txt
1<?xml version="1.0" encoding="utf-8"?>
2<manifest xmlns:android="http://schemas.android.com/apk/res/android"
3    xmlns:tools="http://schemas.android.com/tools"
4    package="io.aelf.portkey" >
5
6    <uses-sdk android:minSdkVersion="26" />
6-->src/main/AndroidManifest.xml
7
8    <uses-permission android:name="android.permission.INTERNET" />
8-->src/main/AndroidManifest.xml:6:5-67
8-->src/main/AndroidManifest.xml:6:22-64
9    <uses-permission android:name="android.permission.CAMERA" />
9-->src/main/AndroidManifest.xml:7:5-65
9-->src/main/AndroidManifest.xml:7:22-62
10    <uses-permission android:name="android.permission.READ_MEDIA_IMAGES" />
10-->src/main/AndroidManifest.xml:8:5-76
10-->src/main/AndroidManifest.xml:8:22-73
11
12    <application
12-->src/main/AndroidManifest.xml:10:5-33:19
13        android:allowBackup="true"
13-->src/main/AndroidManifest.xml:11:9-35
14        android:dataExtractionRules="@xml/data_extraction_rules"
14-->src/main/AndroidManifest.xml:12:9-65
15        android:fullBackupContent="@xml/backup_rules"
15-->src/main/AndroidManifest.xml:13:9-54
16        android:icon="@mipmap/ic_launcher"
16-->src/main/AndroidManifest.xml:14:9-43
17        android:label="@string/app_name"
17-->src/main/AndroidManifest.xml:15:9-41
18        android:networkSecurityConfig="@xml/network_security_config"
18-->src/main/AndroidManifest.xml:17:9-69
19        android:roundIcon="@mipmap/ic_launcher_round"
19-->src/main/AndroidManifest.xml:16:9-54
20        android:supportsRtl="true"
20-->src/main/AndroidManifest.xml:18:9-35
21        android:theme="@style/Theme.BaseTheme"
21-->src/main/AndroidManifest.xml:19:9-47
22        android:usesCleartextTraffic="true"
22-->src/main/AndroidManifest.xml:20:9-44
23        tools:targetApi="31" >
23-->src/main/AndroidManifest.xml:21:9-29
24        <activity
24-->src/main/AndroidManifest.xml:22:9-27:15
25            android:name="io.aelf.portkey.components.activities.DefaultReactActivity"
25-->src/main/AndroidManifest.xml:23:13-71
26            android:launchMode="standard"
26-->src/main/AndroidManifest.xml:24:13-42
27            android:screenOrientation="portrait"
27-->src/main/AndroidManifest.xml:25:13-49
28            android:theme="@style/ReactActivityAnimation" />
28-->src/main/AndroidManifest.xml:26:13-58
29        <activity android:name="com.facebook.react.devsupport.DevSettingsActivity" />
29-->src/main/AndroidManifest.xml:29:9-86
29-->src/main/AndroidManifest.xml:29:19-83
30
31        <service android:name="io.aelf.portkey.components.services.GeneralJSMethodService" />
31-->src/main/AndroidManifest.xml:31:9-78
31-->src/main/AndroidManifest.xml:31:18-76
32    </application>
33
34</manifest>